Determining if the pthread_create exist failed with the following output:
Change Dir: /home/administrator/catkin_ws2/src/point_cloud_gen/build/CMakeFiles/CMakeTmp

Run Build Command:/usr/bin/make "cmTryCompileExec2340429470/fast"
/usr/bin/make -f CMakeFiles/cmTryCompileExec2340429470.dir/build.make CMakeFiles/cmTryCompileExec2340429470.dir/build
make[1]: Entering directory `/home/administrator/catkin_ws2/src/point_cloud_gen/build/CMakeFiles/CMakeTmp'
/usr/bin/cmake -E cmake_progress_report /home/administrator/catkin_ws2/src/point_cloud_gen/build/CMakeFiles/CMakeTmp/CMakeFiles 1
Building C object CMakeFiles/cmTryCompileExec2340429470.dir/CheckSymbolExists.c.o
/usr/bin/cc    -o CMakeFiles/cmTryCompileExec2340429470.dir/CheckSymbolExists.c.o   -c /home/administrator/catkin_ws2/src/point_cloud_gen/build/CMakeFiles/CMakeTmp/CheckSymbolExists.c
Linking C executable cmTryCompileExec2340429470
/usr/bin/cmake -E cmake_link_script CMakeFiles/cmTryCompileExec2340429470.dir/link.txt --verbose=1
/usr/bin/cc       CMakeFiles/cmTryCompileExec2340429470.dir/CheckSymbolExists.c.o  -o cmTryCompileExec2340429470 -rdynamic 
CMakeFiles/cmTryCompileExec2340429470.dir/CheckSymbolExists.c.o: In function `main':
CheckSymbolExists.c:(.text+0x16): undefined reference to `pthread_create'
collect2: error: ld returned 1 exit status
make[1]: *** [cmTryCompileExec2340429470] Error 1
make[1]: Leaving directory `/home/administrator/catkin_ws2/src/point_cloud_gen/build/CMakeFiles/CMakeTmp'
make: *** [cmTryCompileExec2340429470/fast] Error 2

File /home/administrator/catkin_ws2/src/point_cloud_gen/build/CMakeFiles/CMakeTmp/CheckSymbolExists.c:
/* */
#include <pthread.h>

int main(int argc, char** argv)
{
  (void)argv;
#ifndef pthread_create
  return ((int*)(&pthread_create))[argc];
#else
  (void)argc;
  return 0;
#endif
}

Determining if the function pthread_create exists in the pthreads failed with the following output:
Change Dir: /home/administrator/catkin_ws2/src/point_cloud_gen/build/CMakeFiles/CMakeTmp

Run Build Command:/usr/bin/make "cmTryCompileExec1450014421/fast"
/usr/bin/make -f CMakeFiles/cmTryCompileExec1450014421.dir/build.make CMakeFiles/cmTryCompileExec1450014421.dir/build
make[1]: Entering directory `/home/administrator/catkin_ws2/src/point_cloud_gen/build/CMakeFiles/CMakeTmp'
/usr/bin/cmake -E cmake_progress_report /home/administrator/catkin_ws2/src/point_cloud_gen/build/CMakeFiles/CMakeTmp/CMakeFiles 1
Building C object CMakeFiles/cmTryCompileExec1450014421.dir/CheckFunctionExists.c.o
/usr/bin/cc   -DCHECK_FUNCTION_EXISTS=pthread_create   -o CMakeFiles/cmTryCompileExec1450014421.dir/CheckFunctionExists.c.o   -c /usr/share/cmake-2.8/Modules/CheckFunctionExists.c
Linking C executable cmTryCompileExec1450014421
/usr/bin/cmake -E cmake_link_script CMakeFiles/cmTryCompileExec1450014421.dir/link.txt --verbose=1
/usr/bin/cc   -DCHECK_FUNCTION_EXISTS=pthread_create    CMakeFiles/cmTryCompileExec1450014421.dir/CheckFunctionExists.c.o  -o cmTryCompileExec1450014421 -rdynamic -lpthreads 
/usr/bin/ld: cannot find -lpthreads
collect2: error: ld returned 1 exit status
make[1]: *** [cmTryCompileExec1450014421] Error 1
make[1]: Leaving directory `/home/administrator/catkin_ws2/src/point_cloud_gen/build/CMakeFiles/CMakeTmp'
make: *** [cmTryCompileExec1450014421/fast] Error 2


